<?xml version="1.0" encoding="UTF-8"?>
<!-- Generated by org.testng.reporters.JUnitReportReporter -->
<testsuite hostname="LAPTOP-5KJQT6PQ" failures="0" tests="3" name="TestCases.TestTeamMember" time="211.343" errors="0" timestamp="2020-11-08T22:35:13 IST" skipped="0">
  <testcase classname="TestCases.TestTeamMember" name="testInviteUserIcon" time="67.414"/>
  <system-out/>
  <testcase classname="TestCases.TestTeamMember" name="testVariousIcons" time="76.042"/>
  <system-out/>
  <testcase classname="TestCases.TestTeamMember" name="testModifyAcessRoles" time="67.887"/>
  <system-out/>
</testsuite> <!-- TestCases.TestTeamMember -->
