<?xml version="1.0" encoding="UTF-8"?>
<!-- Generated by org.testng.reporters.JUnitReportReporter -->
<testsuite hostname="LAPTOP-5KJQT6PQ" failures="0" tests="1" name="com.selenium.mainpage.Nykaa" time="90.132" errors="0" timestamp="2020-10-08T21:34:15 IST" skipped="0">
  <testcase classname="com.selenium.mainpage.Nykaa" name="headphones" time="90.132"/>
  <system-out/>
</testsuite> <!-- com.selenium.mainpage.Nykaa -->
