<?xml version="1.0" encoding="UTF-8"?>
<!-- Generated by org.testng.reporters.JUnitReportReporter -->
<testsuite hostname="LAPTOP-5KJQT6PQ" failures="0" tests="2" name="TestCases.HealthInsuranceMenuTest" time="52.559" errors="0" timestamp="2020-10-22T20:24:04 IST" skipped="0">
  <testcase classname="TestCases.HealthInsuranceMenuTest" name="getItemsUnderHealthInsurance" time="29.631"/>
  <system-out/>
  <testcase classname="TestCases.HealthInsuranceMenuTest" name="isHealthInsuranceClickable" time="22.928"/>
  <system-out/>
</testsuite> <!-- TestCases.HealthInsuranceMenuTest -->
